g:\engine\manipulaengine\manipulaengine\x64\debug\vc142.pdb
g:\engine\manipulaengine\manipulaengine\x64\debug\vc142.idb
g:\engine\manipulaengine\manipulaengine\x64\debug\main.obj
g:\engine\manipulaengine\manipulaengine\x64\debug\d3dutil.obj
g:\engine\manipulaengine\manipulaengine\x64\debug\d3dapp.obj
g:\engine\manipulaengine\manipulaengine\x64\debug\renderitem.obj
g:\engine\manipulaengine\manipulaengine\x64\debug\mathhelper.obj
g:\engine\manipulaengine\manipulaengine\x64\debug\geometrygenerator.obj
g:\engine\manipulaengine\manipulaengine\x64\debug\gametimer.obj
g:\engine\manipulaengine\manipulaengine\x64\debug\ddstextureloader.obj
g:\engine\manipulaengine\manipulaengine\x64\debug\camera.obj
g:\engine\manipulaengine\manipulaengine\x64\debug\gameprogress.obj
g:\engine\manipulaengine\manipulaengine\x64\debug\frameresource.obj
g:\engine\manipulaengine\x64\debug\manipulaengine.pdb
g:\engine\manipulaengine\manipulaengine\x64\debug\manipulaengine.tlog\cl.command.1.tlog
g:\engine\manipulaengine\manipulaengine\x64\debug\manipulaengine.tlog\cl.read.1.tlog
g:\engine\manipulaengine\manipulaengine\x64\debug\manipulaengine.tlog\cl.write.1.tlog
g:\engine\manipulaengine\manipulaengine\x64\debug\manipulaengine.tlog\link-cvtres.read.1.tlog
g:\engine\manipulaengine\manipulaengine\x64\debug\manipulaengine.tlog\link-cvtres.write.1.tlog
g:\engine\manipulaengine\manipulaengine\x64\debug\manipulaengine.tlog\link-rc.read.1.tlog
g:\engine\manipulaengine\manipulaengine\x64\debug\manipulaengine.tlog\link-rc.write.1.tlog
g:\engine\manipulaengine\manipulaengine\x64\debug\manipulaengine.tlog\link.command.1.tlog
g:\engine\manipulaengine\manipulaengine\x64\debug\manipulaengine.tlog\link.read.1.tlog
g:\engine\manipulaengine\manipulaengine\x64\debug\manipulaengine.tlog\link.write.1.tlog
